\BOOKMARK [1][-]{section.1}{Introduction}{}% 1
\BOOKMARK [1][-]{section.2}{Overview of an Anonymous Credential System}{}% 2
\BOOKMARK [1][-]{section.3}{Preliminaries}{}% 3
\BOOKMARK [2][-]{subsection.3.1}{Notation and System Parameters}{section.3}% 4
\BOOKMARK [2][-]{subsection.3.2}{Zero-Knowledge Proofs}{section.3}% 5
\BOOKMARK [2][-]{subsection.3.3}{The CL Signature Scheme}{section.3}% 6
\BOOKMARK [2][-]{subsection.3.4}{The CS Encryption Scheme}{section.3}% 7
\BOOKMARK [3][-]{subsubsection.3.4.1}{Background}{subsection.3.4}% 8
\BOOKMARK [3][-]{subsubsection.3.4.2}{The Scheme}{subsection.3.4}% 9
\BOOKMARK [2][-]{subsection.3.5}{Integer Commitments}{section.3}% 10
\BOOKMARK [1][-]{section.4}{Architecture Overview}{}% 11
\BOOKMARK [2][-]{subsection.4.1}{Parameter Generation}{section.4}% 12
\BOOKMARK [2][-]{subsection.4.2}{Presentation}{section.4}% 13
\BOOKMARK [2][-]{subsection.4.3}{Verification}{section.4}% 14
\BOOKMARK [2][-]{subsection.4.4}{Issuance}{section.4}% 15
\BOOKMARK [3][-]{subsubsection.4.4.1}{Issuer: Create Issuance Policy}{subsection.4.4}% 16
\BOOKMARK [3][-]{subsubsection.4.4.2}{Recipient: Generate Issuance Token}{subsection.4.4}% 17
\BOOKMARK [3][-]{subsubsection.4.4.3}{Issuer: Create Signature}{subsection.4.4}% 18
\BOOKMARK [3][-]{subsubsection.4.4.4}{Recipient: Complete Signature}{subsection.4.4}% 19
\BOOKMARK [1][-]{section.5}{Example}{}% 20
\BOOKMARK [2][-]{subsection.5.1}{Notation}{section.5}% 21
\BOOKMARK [2][-]{subsection.5.2}{Partial Zero-Knowledge Proof and Composition}{section.5}% 22
\BOOKMARK [2][-]{subsection.5.3}{Credential Specification}{section.5}% 23
\BOOKMARK [3][-]{subsubsection.5.3.1}{Passport}{subsection.5.3}% 24
\BOOKMARK [3][-]{subsubsection.5.3.2}{Credit Card}{subsection.5.3}% 25
\BOOKMARK [2][-]{subsection.5.4}{Presentation Token Description}{section.5}% 26
\BOOKMARK [2][-]{subsection.5.5}{Building Blocks and Top-Level ZkModules}{section.5}% 27
\BOOKMARK [2][-]{subsection.5.6}{Final Comments}{section.5}% 28
\BOOKMARK [1][-]{section.6}{Application Programming Interface \(API\)}{}% 29
\BOOKMARK [2][-]{subsection.6.1}{Dependencies}{section.6}% 30
\BOOKMARK [3][-]{subsubsection.6.1.1}{User's Crypto Engine}{subsection.6.1}% 31
\BOOKMARK [3][-]{subsubsection.6.1.2}{Verifier's Crypto Engine}{subsection.6.1}% 32
\BOOKMARK [3][-]{subsubsection.6.1.3}{Issuer's Crypto Engine}{subsection.6.1}% 33
\BOOKMARK [3][-]{subsubsection.6.1.4}{Inspector's Crypto Engine}{subsection.6.1}% 34
\BOOKMARK [3][-]{subsubsection.6.1.5}{Revocation Authority's Crypto Engine}{subsection.6.1}% 35
\BOOKMARK [2][-]{subsection.6.2}{External API}{section.6}% 36
\BOOKMARK [3][-]{subsubsection.6.2.1}{User's Crypto Engine}{subsection.6.2}% 37
\BOOKMARK [3][-]{subsubsection.6.2.2}{Verifier's Crypto Engine}{subsection.6.2}% 38
\BOOKMARK [3][-]{subsubsection.6.2.3}{Issuer's Crypto Engine}{subsection.6.2}% 39
\BOOKMARK [3][-]{subsubsection.6.2.4}{Inspector's Crypto Engine}{subsection.6.2}% 40
\BOOKMARK [3][-]{subsubsection.6.2.5}{Revocation Authority's Crypto Engine}{subsection.6.2}% 41
\BOOKMARK [1][-]{section.7}{Building Blocks}{}% 42
\BOOKMARK [2][-]{subsection.7.1}{Common Interfaces}{section.7}% 43
\BOOKMARK [3][-]{subsubsection.7.1.1}{Interface for all building blocks}{subsection.7.1}% 44
\BOOKMARK [3][-]{subsubsection.7.1.2}{Interface for all implementation building blocks}{subsection.7.1}% 45
\BOOKMARK [3][-]{subsubsection.7.1.3}{System parameter generator}{subsection.7.1}% 46
\BOOKMARK [3][-]{subsubsection.7.1.4}{Key pair generator}{subsection.7.1}% 47
\BOOKMARK [3][-]{subsubsection.7.1.5}{Verifier parameter generator}{subsection.7.1}% 48
\BOOKMARK [3][-]{subsubsection.7.1.6}{Proof Interface}{subsection.7.1}% 49
\BOOKMARK [3][-]{subsubsection.7.1.7}{ZkModules}{subsection.7.1}% 50
\BOOKMARK [2][-]{subsection.7.2}{Major Building Blocks}{section.7}% 51
\BOOKMARK [3][-]{subsubsection.7.2.1}{Global System Parameter Generator}{subsection.7.2}% 52
\BOOKMARK [3][-]{subsubsection.7.2.2}{Privacy-ABC Signatures}{subsection.7.2}% 53
\BOOKMARK [3][-]{subsubsection.7.2.3}{Inspection}{subsection.7.2}% 54
\BOOKMARK [3][-]{subsubsection.7.2.4}{Revocation}{subsection.7.2}% 55
\BOOKMARK [3][-]{subsubsection.7.2.5}{Pseudonyms}{subsection.7.2}% 56
\BOOKMARK [3][-]{subsubsection.7.2.6}{Not-Equal Proofs}{subsection.7.2}% 57
\BOOKMARK [3][-]{subsubsection.7.2.7}{Inequality Proof}{subsection.7.2}% 58
\BOOKMARK [3][-]{subsubsection.7.2.8}{Set Membership Proof}{subsection.7.2}% 59
\BOOKMARK [3][-]{subsubsection.7.2.9}{Jointly-Random Attributes}{subsection.7.2}% 60
\BOOKMARK [2][-]{subsection.7.3}{Concrete implementations of major building blocks}{section.7}% 61
\BOOKMARK [3][-]{subsubsection.7.3.1}{Global System Parameter Generator}{subsection.7.3}% 62
\BOOKMARK [3][-]{subsubsection.7.3.2}{Privacy-ABC Signatures}{subsection.7.3}% 63
\BOOKMARK [3][-]{subsubsection.7.3.3}{Inspection}{subsection.7.3}% 64
\BOOKMARK [3][-]{subsubsection.7.3.4}{Revocation}{subsection.7.3}% 65
\BOOKMARK [3][-]{subsubsection.7.3.5}{Pseudonyms}{subsection.7.3}% 66
\BOOKMARK [3][-]{subsubsection.7.3.6}{Not-Equal Proofs}{subsection.7.3}% 67
\BOOKMARK [3][-]{subsubsection.7.3.7}{Inequality Proof}{subsection.7.3}% 68
\BOOKMARK [3][-]{subsubsection.7.3.8}{Set Membership Proof}{subsection.7.3}% 69
\BOOKMARK [3][-]{subsubsection.7.3.9}{Jointly-Random Attributes}{subsection.7.3}% 70
\BOOKMARK [2][-]{subsection.7.4}{Helper Building Blocks}{section.7}% 71
\BOOKMARK [3][-]{subsubsection.7.4.1}{Datastructure for bases in Representation Building Blocks}{subsection.7.4}% 72
\BOOKMARK [3][-]{subsubsection.7.4.2}{Pedersen Representation}{subsection.7.4}% 73
\BOOKMARK [3][-]{subsubsection.7.4.3}{Damg\345rd-Fujisaki Representation}{subsection.7.4}% 74
\BOOKMARK [3][-]{subsubsection.7.4.4}{ModNSquare Representation}{subsection.7.4}% 75
\BOOKMARK [2][-]{subsection.7.5}{Structural Building Blocks}{section.7}% 76
\BOOKMARK [3][-]{subsubsection.7.5.1}{Attribute Equality}{subsection.7.5}% 77
\BOOKMARK [3][-]{subsubsection.7.5.2}{Reveal Attribute}{subsection.7.5}% 78
\BOOKMARK [3][-]{subsubsection.7.5.3}{Constant Attribute}{subsection.7.5}% 79
\BOOKMARK [3][-]{subsubsection.7.5.4}{Attribute Linear Combination}{subsection.7.5}% 80
\BOOKMARK [3][-]{subsubsection.7.5.5}{Message}{subsection.7.5}% 81
\BOOKMARK [3][-]{subsubsection.7.5.6}{Parameters}{subsection.7.5}% 82
\BOOKMARK [3][-]{subsubsection.7.5.7}{Mechanism Specification}{subsection.7.5}% 83
\BOOKMARK [3][-]{subsubsection.7.5.8}{Credential Specification}{subsection.7.5}% 84
\BOOKMARK [1][-]{section.8}{Detailed Design of Major Components of Crypto Engine}{}% 85
\BOOKMARK [2][-]{subsection.8.1}{Building Block Factory}{section.8}% 86
\BOOKMARK [2][-]{subsection.8.2}{State Storage \(issuance\)}{section.8}% 87
\BOOKMARK [2][-]{subsection.8.3}{Proof Assembler \(prover\)}{section.8}% 88
\BOOKMARK [2][-]{subsection.8.4}{Proof Assembler \(verifier\)}{section.8}% 89
\BOOKMARK [2][-]{subsection.8.5}{Issuance Orchestration \(recipient\)}{section.8}% 90
\BOOKMARK [3][-]{subsubsection.8.5.1}{Initialize issuance}{subsection.8.5}% 91
\BOOKMARK [3][-]{subsubsection.8.5.2}{First phase, first round: joint-random attributes}{subsection.8.5}% 92
\BOOKMARK [3][-]{subsubsection.8.5.3}{First phase, subsequent rounds: joint-random attributes}{subsection.8.5}% 93
\BOOKMARK [3][-]{subsubsection.8.5.4}{Second phase: presentation proof for carry-over}{subsection.8.5}% 94
\BOOKMARK [3][-]{subsubsection.8.5.5}{Third phase round 1: interactive signing of new credential}{subsection.8.5}% 95
\BOOKMARK [3][-]{subsubsection.8.5.6}{Third phase additional rounds}{subsection.8.5}% 96
\BOOKMARK [3][-]{subsubsection.8.5.7}{Extract credential}{subsection.8.5}% 97
\BOOKMARK [2][-]{subsection.8.6}{Issuance Orchestration \(issuer\)}{section.8}% 98
\BOOKMARK [3][-]{subsubsection.8.6.1}{First phase, first round: joint-random attributes}{subsection.8.6}% 99
\BOOKMARK [3][-]{subsubsection.8.6.2}{First phase, subsequent rounds: joint-random attributes}{subsection.8.6}% 100
\BOOKMARK [3][-]{subsubsection.8.6.3}{Second phase: presentation proof for carry-over}{subsection.8.6}% 101
\BOOKMARK [3][-]{subsubsection.8.6.4}{Third phase: interactive signing of new credential}{subsection.8.6}% 102
\BOOKMARK [2][-]{subsection.8.7}{Proof Engine \(prover\)}{section.8}% 103
\BOOKMARK [3][-]{subsubsection.8.7.1}{Terminology}{subsection.8.7}% 104
\BOOKMARK [3][-]{subsubsection.8.7.2}{zkBuilder}{subsection.8.7}% 105
\BOOKMARK [3][-]{subsubsection.8.7.3}{zkDirector}{subsection.8.7}% 106
\BOOKMARK [2][-]{subsection.8.8}{Proof Engine \(verifier\)}{section.8}% 107
\BOOKMARK [3][-]{subsubsection.8.8.1}{zkVerifier}{subsection.8.8}% 108
\BOOKMARK [3][-]{subsubsection.8.8.2}{zkDirector}{subsection.8.8}% 109
\BOOKMARK [2][-]{subsection.8.9}{Computation of the challenge}{section.8}% 110
\BOOKMARK [3][-]{subsubsection.8.9.1}{Preliminaries}{subsection.8.9}% 111
\BOOKMARK [3][-]{subsubsection.8.9.2}{Computation of the Hash Contribution of a ZkModule}{subsection.8.9}% 112
\BOOKMARK [3][-]{subsubsection.8.9.3}{Computation of the challenge for a proof}{subsection.8.9}% 113
\BOOKMARK [1][-]{section.9}{Data Formats}{}% 114
\BOOKMARK [2][-]{subsection.9.1}{General Parameters}{section.9}% 115
\BOOKMARK [2][-]{subsection.9.2}{Parameter Generation Elements}{section.9}% 116
\BOOKMARK [3][-]{subsubsection.9.2.1}{System and Verifier Parameter Templates}{subsection.9.2}% 117
\BOOKMARK [3][-]{subsubsection.9.2.2}{Key Pair Templates}{subsection.9.2}% 118
\BOOKMARK [3][-]{subsubsection.9.2.3}{Key Pairs}{subsection.9.2}% 119
\BOOKMARK [2][-]{subsection.9.3}{Zero-knowledge Proof Elements}{section.9}% 120
\BOOKMARK [2][-]{subsection.9.4}{Signatures}{section.9}% 121
\BOOKMARK [2][-]{subsection.9.5}{Pseudonyms}{section.9}% 122
\BOOKMARK [2][-]{subsection.9.6}{Additional Issuance Messages}{section.9}% 123
\BOOKMARK [2][-]{subsection.9.7}{Revocation Elements}{section.9}% 124
\BOOKMARK [2][-]{subsection.9.8}{Presentation Policy Alternatives and Issuance Policy}{section.9}% 125
